# JRE version: OpenJDK Runtime Environment (7.0_75-b13) (build 1.7.0_75-b13)
# Java VM: OpenJDK 64-Bit Server VM (24.75-b04 mixed mode linux-amd64 compressed oops)
Heap
 PSYoungGen      total 145920K, used 14765K [0x00000000eaa80000, 0x00000000f4980000, 0x0000000100000000)
  eden space 129024K, 0% used [0x00000000eaa80000,0x00000000eaa80000,0x00000000f2880000)
  from space 16896K, 87% used [0x00000000f2880000,0x00000000f36eb740,0x00000000f3900000)
  to   space 16896K, 0% used [0x00000000f3900000,0x00000000f3900000,0x00000000f4980000)
 ParOldGen       total 83968K, used 26362K [0x00000000c0000000, 0x00000000c5200000, 0x00000000eaa80000)
  object space 83968K, 31% used [0x00000000c0000000,0x00000000c19bebc8,0x00000000c5200000)
 PSPermGen       total 21504K, used 7451K [0x00000000b5a00000, 0x00000000b6f00000, 0x00000000c0000000)
  object space 21504K, 34% used [0x00000000b5a00000,0x00000000b6146e48,0x00000000b6f00000)
GC Heap History (10 events):
Event: 2.538 GC heap after
Heap after GC invocations=2 (full 0):
 PSYoungGen      total 37376K, used 5116K [0x00000000eaa80000, 0x00000000ef380000, 0x0000000100000000)
  eden space 32256K, 0% used [0x00000000eaa80000,0x00000000eaa80000,0x00000000eca00000)
  from space 5120K, 99% used [0x00000000ecf00000,0x00000000ed3ff208,0x00000000ed400000)
  to   space 5120K, 0% used [0x00000000eca00000,0x00000000eca00000,0x00000000ecf00000)
 ParOldGen       total 83968K, used 4879K [0x00000000c0000000, 0x00000000c5200000, 0x00000000eaa80000)
  object space 83968K, 5% used [0x00000000c0000000,0x00000000c04c3c58,0x00000000c5200000)
 PSPermGen       total 21504K, used 5301K [0x00000000b5a00000, 0x00000000b6f00000, 0x00000000c0000000)
  object space 21504K, 24% used [0x00000000b5a00000,0x00000000b5f2d790,0x00000000b6f00000)
}
Event: 2.809 GC heap before
{Heap before GC invocations=3 (full 0):
 PSYoungGen      total 37376K, used 37372K [0x00000000eaa80000, 0x00000000ef380000, 0x0000000100000000)
  eden space 32256K, 100% used [0x00000000eaa80000,0x00000000eca00000,0x00000000eca00000)
  from space 5120K, 99% used [0x00000000ecf00000,0x00000000ed3ff208,0x00000000ed400000)
  to   space 5120K, 0% used [0x00000000eca00000,0x00000000eca00000,0x00000000ecf00000)
 ParOldGen       total 83968K, used 4879K [0x00000000c0000000, 0x00000000c5200000, 0x00000000eaa80000)
  object space 83968K, 5% used [0x00000000c0000000,0x00000000c04c3c58,0x00000000c5200000)
 PSPermGen       total 21504K, used 5320K [0x00000000b5a00000, 0x00000000b6f00000, 0x00000000c0000000)
  object space 21504K, 24% used [0x00000000b5a00000,0x00000000b5f32198,0x00000000b6f00000)
Event: 2.820 GC heap after
Heap after GC invocations=3 (full 0):
 PSYoungGen      total 37376K, used 5116K [0x00000000eaa80000, 0x00000000ef380000, 0x0000000100000000)
  eden space 32256K, 0% used [0x00000000eaa80000,0x00000000eaa80000,0x00000000eca00000)
  from space 5120K, 99% used [0x00000000eca00000,0x00000000eceff208,0x00000000ecf00000)
  to   space 5120K, 0% used [0x00000000eee80000,0x00000000eee80000,0x00000000ef380000)
 ParOldGen       total 83968K, used 7186K [0x00000000c0000000, 0x00000000c5200000, 0x00000000eaa80000)
  object space 83968K, 8% used [0x00000000c0000000,0x00000000c0704860,0x00000000c5200000)
 PSPermGen       total 21504K, used 5320K [0x00000000b5a00000, 0x00000000b6f00000, 0x00000000c0000000)
  object space 21504K, 24% used [0x00000000b5a00000,0x00000000b5f32198,0x00000000b6f00000)
}
Event: 3.451 GC heap before
{Heap before GC invocations=4 (full 0):
 PSYoungGen      total 37376K, used 37372K [0x00000000eaa80000, 0x00000000ef380000, 0x0000000100000000)
  eden space 32256K, 100% used [0x00000000eaa80000,0x00000000eca00000,0x00000000eca00000)
  from space 5120K, 99% used [0x00000000eca00000,0x00000000eceff208,0x00000000ecf00000)
  to   space 5120K, 0% used [0x00000000eee80000,0x00000000eee80000,0x00000000ef380000)
 ParOldGen       total 83968K, used 7186K [0x00000000c0000000, 0x00000000c5200000, 0x00000000eaa80000)
  object space 83968K, 8% used [0x00000000c0000000,0x00000000c0704860,0x00000000c5200000)
 PSPermGen       total 21504K, used 5376K [0x00000000b5a00000, 0x00000000b6f00000, 0x00000000c0000000)
  object space 21504K, 25% used [0x00000000b5a00000,0x00000000b5f40298,0x00000000b6f00000)
Event: 3.491 GC heap after
Heap after GC invocations=4 (full 0):
 PSYoungGen      total 69632K, used 5115K [0x00000000eaa80000, 0x00000000ef380000, 0x0000000100000000)
  eden space 64512K, 0% used [0x00000000eaa80000,0x00000000eaa80000,0x00000000ee980000)
  from space 5120K, 99% used [0x00000000eee80000,0x00000000ef37eef0,0x00000000ef380000)
  to   space 5120K, 0% used [0x00000000ee980000,0x00000000ee980000,0x00000000eee80000)
 ParOldGen       total 83968K, used 12397K [0x00000000c0000000, 0x00000000c5200000, 0x00000000eaa80000)
  object space 83968K, 14% used [0x00000000c0000000,0x00000000c0c1b790,0x00000000c5200000)
 PSPermGen       total 21504K, used 5376K [0x00000000b5a00000, 0x00000000b6f00000, 0x00000000c0000000)
  object space 21504K, 25% used [0x00000000b5a00000,0x00000000b5f40298,0x00000000b6f00000)
}
Event: 5.858 GC heap before
{Heap before GC invocations=5 (full 0):
 PSYoungGen      total 69632K, used 69627K [0x00000000eaa80000, 0x00000000ef380000, 0x0000000100000000)
  eden space 64512K, 100% used [0x00000000eaa80000,0x00000000ee980000,0x00000000ee980000)
  from space 5120K, 99% used [0x00000000eee80000,0x00000000ef37eef0,0x00000000ef380000)
  to   space 5120K, 0% used [0x00000000ee980000,0x00000000ee980000,0x00000000eee80000)
 ParOldGen       total 83968K, used 12397K [0x00000000c0000000, 0x00000000c5200000, 0x00000000eaa80000)
  object space 83968K, 14% used [0x00000000c0000000,0x00000000c0c1b790,0x00000000c5200000)
 PSPermGen       total 21504K, used 6991K [0x00000000b5a00000, 0x00000000b6f00000, 0x00000000c0000000)
  object space 21504K, 32% used [0x00000000b5a00000,0x00000000b60d3e78,0x00000000b6f00000)
Event: 5.883 GC heap after
Heap after GC invocations=5 (full 0):
 PSYoungGen      total 69632K, used 5093K [0x00000000eaa80000, 0x00000000f4980000, 0x0000000100000000)
  eden space 64512K, 0% used [0x00000000eaa80000,0x00000000eaa80000,0x00000000ee980000)
  from space 5120K, 99% used [0x00000000ee980000,0x00000000eee79478,0x00000000eee80000)
  to   space 16896K, 0% used [0x00000000f3900000,0x00000000f3900000,0x00000000f4980000)
 ParOldGen       total 83968K, used 25288K [0x00000000c0000000, 0x00000000c5200000, 0x00000000eaa80000)
  object space 83968K, 30% used [0x00000000c0000000,0x00000000c18b21a8,0x00000000c5200000)
 PSPermGen       total 21504K, used 6991K [0x00000000b5a00000, 0x00000000b6f00000, 0x00000000c0000000)
  object space 21504K, 32% used [0x00000000b5a00000,0x00000000b60d3e78,0x00000000b6f00000)
}
Event: 6.632 GC heap before
{Heap before GC invocations=6 (full 0):
 PSYoungGen      total 69632K, used 69605K [0x00000000eaa80000, 0x00000000f4980000, 0x0000000100000000)
  eden space 64512K, 100% used [0x00000000eaa80000,0x00000000ee980000,0x00000000ee980000)
  from space 5120K, 99% used [0x00000000ee980000,0x00000000eee79478,0x00000000eee80000)
  to   space 16896K, 0% used [0x00000000f3900000,0x00000000f3900000,0x00000000f4980000)
 ParOldGen       total 83968K, used 25288K [0x00000000c0000000, 0x00000000c5200000, 0x00000000eaa80000)
  object space 83968K, 30% used [0x00000000c0000000,0x00000000c18b21a8,0x00000000c5200000)
 PSPermGen       total 21504K, used 7341K [0x00000000b5a00000, 0x00000000b6f00000, 0x00000000c0000000)
  object space 21504K, 34% used [0x00000000b5a00000,0x00000000b612b4f0,0x00000000b6f00000)
Event: 6.647 GC heap after
Heap after GC invocations=6 (full 0):
 PSYoungGen      total 145920K, used 11528K [0x00000000eaa80000, 0x00000000f4980000, 0x0000000100000000)
  eden space 129024K, 0% used [0x00000000eaa80000,0x00000000eaa80000,0x00000000f2880000)
  from space 16896K, 68% used [0x00000000f3900000,0x00000000f4442028,0x00000000f4980000)
  to   space 16896K, 0% used [0x00000000f2880000,0x00000000f2880000,0x00000000f3900000)
 ParOldGen       total 83968K, used 25288K [0x00000000c0000000, 0x00000000c5200000, 0x00000000eaa80000)
  object space 83968K, 30% used [0x00000000c0000000,0x00000000c18b21a8,0x00000000c5200000)
 PSPermGen       total 21504K, used 7341K [0x00000000b5a00000, 0x00000000b6f00000, 0x00000000c0000000)
  object space 21504K, 34% used [0x00000000b5a00000,0x00000000b612b4f0,0x00000000b6f00000)
}
Event: 91.616 GC heap before
{Heap before GC invocations=7 (full 0):
 PSYoungGen      total 145920K, used 140552K [0x00000000eaa80000, 0x00000000f4980000, 0x0000000100000000)
  eden space 129024K, 100% used [0x00000000eaa80000,0x00000000f2880000,0x00000000f2880000)
  from space 16896K, 68% used [0x00000000f3900000,0x00000000f4442028,0x00000000f4980000)
  to   space 16896K, 0% used [0x00000000f2880000,0x00000000f2880000,0x00000000f3900000)
 ParOldGen       total 83968K, used 25288K [0x00000000c0000000, 0x00000000c5200000, 0x00000000eaa80000)
  object space 83968K, 30% used [0x00000000c0000000,0x00000000c18b21a8,0x00000000c5200000)
 PSPermGen       total 21504K, used 7451K [0x00000000b5a00000, 0x00000000b6f00000, 0x00000000c0000000)
  object space 21504K, 34% used [0x00000000b5a00000,0x00000000b6146e48,0x00000000b6f00000)

